<?xml version="1.0" encoding="UTF-8"?>
<testng-results ignored="0" total="1" passed="1" failed="0" skipped="0">
  <reporter-output>
  </reporter-output>
  <suite started-at="2022-03-15T23:26:25 IST" name="Suite" finished-at="2022-03-15T23:26:49 IST" duration-ms="23754">
    <groups>
    </groups>
    <test started-at="2022-03-15T23:26:25 IST" name="Test" finished-at="2022-03-15T23:26:49 IST" duration-ms="23754">
      <class name="com.his.TC_Login">
        <test-method signature="loginPage()[pri:0, instance:com.his.TC_Login@6497b078]" started-at="2022-03-15T23:26:25 IST" name="loginPage" finished-at="2022-03-15T23:26:49 IST" duration-ms="23672" status="PASS">
          <reporter-output>
          </reporter-output>
        </test-method> <!-- loginPage -->
      </class> <!-- com.his.TC_Login -->
    </test> <!-- Test -->
  </suite> <!-- Suite -->
</testng-results>
