<?xml version="1.0" encoding="UTF-8"?>
<testng-results skipped="0" failed="0" ignored="0" total="2" passed="2">
  <reporter-output>
  </reporter-output>
  <suite name="Default suite" duration-ms="86" started-at="2022-03-12T00:23:43 IST" finished-at="2022-03-12T00:23:43 IST">
    <groups>
      <group name="Regression">
        <method signature="TestLogin.loginPage1()[pri:0, instance:com.his.TestLogin@2a556333]" name="loginPage1" class="com.his.TestLogin"/>
      </group> <!-- Regression -->
    </groups>
    <test name="Default test" duration-ms="86" started-at="2022-03-12T00:23:43 IST" finished-at="2022-03-12T00:23:43 IST">
      <class name="com.his.TestLogin">
        <test-method status="PASS" signature="loginPage1()[pri:0, instance:com.his.TestLogin@2a556333]" name="loginPage1" duration-ms="18" started-at="2022-03-12T00:23:43 IST" finished-at="2022-03-12T00:23:43 IST">
          <reporter-output>
          </reporter-output>
        </test-method> <!-- loginPage1 -->
        <test-method status="PASS" signature="loginPage2()[pri:0, instance:com.his.TestLogin@2a556333]" name="loginPage2" duration-ms="2" started-at="2022-03-12T00:23:43 IST" finished-at="2022-03-12T00:23:43 IST">
          <reporter-output>
          </reporter-output>
        </test-method> <!-- loginPage2 -->
      </class> <!-- com.his.TestLogin -->
    </test> <!-- Default test -->
  </suite> <!-- Default suite -->
</testng-results>
